build/app/intermediates/manifest_merge_blame_file/debug/manifest-merger-blame-debug-report.txt
1<?xml version="1.0" encoding="utf-8"?>
2<manifest xmlns:android="http://schemas.android.com/apk/res/android"
3    package="com.engelsimon.flutter_dispuatio"
4    android:installLocation="preferExternal"
5    android:versionCode="1"
6    android:versionName="1.0.0" >
7
8    <uses-sdk
9        android:minSdkVersion="16"
10        android:targetSdkVersion="30" />
11    <!--
12         Flutter needs it to communicate with the running application
13         to allow setting breakpoints, to provide hot reload, etc.
14    -->
15    <uses-permission android:name="android.permission.INTERNET" />
15-->src/main/AndroidManifest.xml:43:5-66
15-->src/main/AndroidManifest.xml:43:22-64
16    <uses-permission android:name="android.permission.WAKE_LOCK" />
16-->[:firebase_messaging] AndroidManifest.xml:8:5-68
16-->[:firebase_messaging] AndroidManifest.xml:8:22-65
17    <uses-permission android:name="android.permission.ACCESS_NETWORK_STATE" />
17-->[:firebase_messaging] AndroidManifest.xml:9:5-79
17-->[:firebase_messaging] AndroidManifest.xml:9:22-76
18    <uses-permission android:name="android.permission.READ_EXTERNAL_STORAGE" />
18-->[:image_picker] AndroidManifest.xml:7:5-80
18-->[:image_picker] AndroidManifest.xml:7:22-77
19    <uses-permission android:name="android.permission.WRITE_EXTERNAL_STORAGE" /> <!-- Required by older versions of Google Play services to create IID tokens -->
19-->[:image_picker] AndroidManifest.xml:8:5-81
19-->[:image_picker] AndroidManifest.xml:8:22-78
20    <uses-permission android:name="com.google.android.c2dm.permission.RECEIVE" />
20-->[com.google.firebase:firebase-messaging:22.0.0] AndroidManifest.xml:25:5-82
20-->[com.google.firebase:firebase-messaging:22.0.0] AndroidManifest.xml:25:22-79
21
22    <application
22-->src/main/AndroidManifest.xml:5:4-42:19
23        android:name="androidx.multidex.MultiDexApplication"
24        android:appComponentFactory="androidx.core.app.CoreComponentFactory"
24-->[androidx.core:core:1.1.0] AndroidManifest.xml:24:18-86
25        android:debuggable="true"
26        android:icon="@mipmap/ic_launcher"
26-->src/main/AndroidManifest.xml:7:9-43
27        android:label="flutter_dispuatio" >
27-->src/main/AndroidManifest.xml:6:9-42
28        <activity
28-->src/main/AndroidManifest.xml:8:9-36:20
29            android:name="com.engel_simon.flutter_dispuatio.MainActivity"
29-->src/main/AndroidManifest.xml:9:13-41
30            android:configChanges="orientation|keyboardHidden|keyboard|screenSize|smallestScreenSize|locale|layoutDirection|fontScale|screenLayout|density|uiMode"
30-->src/main/AndroidManifest.xml:12:13-163
31            android:hardwareAccelerated="true"
31-->src/main/AndroidManifest.xml:13:13-47
32            android:launchMode="singleTop"
32-->src/main/AndroidManifest.xml:10:13-43
33            android:theme="@style/LaunchTheme"
33-->src/main/AndroidManifest.xml:11:13-47
34            android:windowSoftInputMode="adjustResize" >
34-->src/main/AndroidManifest.xml:14:13-55
35
36            <!--
37                 Specifies an Android theme to apply to this Activity as soon as
38                 the Android process has started. This theme is visible to the user
39                 while the Flutter UI initializes. After that, this theme continues
40                 to determine the Window background behind the Flutter UI.
41            -->
42            <meta-data
42-->src/main/AndroidManifest.xml:19:13-22:17
43                android:name="io.flutter.embedding.android.NormalTheme"
43-->src/main/AndroidManifest.xml:20:15-70
44                android:resource="@style/NormalTheme" />
44-->src/main/AndroidManifest.xml:21:15-52
45            <!--
46                 Displays an Android View that continues showing the launch screen
47                 Drawable until Flutter paints its first frame, then this splash
48                 screen fades out. A splash screen is useful to avoid any visual
49                 gap between the end of Android's launch screen and the painting of
50                 Flutter's first frame.
51            -->
52            <meta-data
52-->src/main/AndroidManifest.xml:28:13-31:17
53                android:name="io.flutter.embedding.android.SplashScreenDrawable"
53-->src/main/AndroidManifest.xml:29:15-79
54                android:resource="@drawable/launch_background" />
54-->src/main/AndroidManifest.xml:30:15-61
55
56            <intent-filter>
56-->src/main/AndroidManifest.xml:32:13-35:29
57                <action android:name="android.intent.action.MAIN" />
57-->src/main/AndroidManifest.xml:33:17-68
57-->src/main/AndroidManifest.xml:33:25-66
58
59                <category android:name="android.intent.category.LAUNCHER" />
59-->src/main/AndroidManifest.xml:34:17-76
59-->src/main/AndroidManifest.xml:34:27-74
60            </intent-filter>
61        </activity>
62        <!--
63             Don't delete the meta-data below.
64             This is used by the Flutter tool to generate GeneratedPluginRegistrant.java
65        -->
66        <meta-data
66-->src/main/AndroidManifest.xml:39:9-41:33
67            android:name="flutterEmbedding"
67-->src/main/AndroidManifest.xml:40:13-44
68            android:value="2" />
68-->src/main/AndroidManifest.xml:41:13-30
69
70        <service
70-->[:cloud_firestore] AndroidManifest.xml:8:9-12:19
71            android:name="com.google.firebase.components.ComponentDiscoveryService"
71-->[:cloud_firestore] AndroidManifest.xml:8:18-89
72            android:directBootAware="true"
72-->[com.google.firebase:firebase-common:20.0.0] AndroidManifest.xml:35:13-43
73            android:exported="false" >
73-->[com.google.firebase:firebase-messaging:22.0.0] AndroidManifest.xml:51:13-37
74            <meta-data
74-->[:cloud_firestore] AndroidManifest.xml:9:13-11:85
75                android:name="com.google.firebase.components:io.flutter.plugins.firebase.firestore.FlutterFirebaseFirestoreRegistrar"
75-->[:cloud_firestore] AndroidManifest.xml:10:17-134
76                android:value="com.google.firebase.components.ComponentRegistrar" />
76-->[:cloud_firestore] AndroidManifest.xml:11:17-82
77            <meta-data
77-->[:firebase_auth] AndroidManifest.xml:9:13-11:85
78                android:name="com.google.firebase.components:io.flutter.plugins.firebase.auth.FlutterFirebaseAuthRegistrar"
78-->[:firebase_auth] AndroidManifest.xml:10:17-124
79                android:value="com.google.firebase.components.ComponentRegistrar" />
79-->[:firebase_auth] AndroidManifest.xml:11:17-82
80            <meta-data
80-->[:firebase_storage] AndroidManifest.xml:9:13-11:85
81                android:name="com.google.firebase.components:io.flutter.plugins.firebase.storage.FlutterFirebaseAppRegistrar"
81-->[:firebase_storage] AndroidManifest.xml:10:17-126
82                android:value="com.google.firebase.components.ComponentRegistrar" />
82-->[:firebase_storage] AndroidManifest.xml:11:17-82
83            <meta-data
83-->[:firebase_messaging] AndroidManifest.xml:34:13-36:85
84                android:name="com.google.firebase.components:io.flutter.plugins.firebase.messaging.FlutterFirebaseAppRegistrar"
84-->[:firebase_messaging] AndroidManifest.xml:35:17-128
85                android:value="com.google.firebase.components.ComponentRegistrar" />
85-->[:firebase_messaging] AndroidManifest.xml:36:17-82
86            <meta-data
86-->[:firebase_core] AndroidManifest.xml:9:13-11:85
87                android:name="com.google.firebase.components:io.flutter.plugins.firebase.core.FlutterFirebaseCoreRegistrar"
87-->[:firebase_core] AndroidManifest.xml:10:17-124
88                android:value="com.google.firebase.components.ComponentRegistrar" />
88-->[:firebase_core] AndroidManifest.xml:11:17-82
89            <meta-data
89-->[com.google.firebase:firebase-messaging:22.0.0] AndroidManifest.xml:52:13-54:85
90                android:name="com.google.firebase.components:com.google.firebase.messaging.FirebaseMessagingRegistrar"
90-->[com.google.firebase:firebase-messaging:22.0.0] AndroidManifest.xml:53:17-119
91                android:value="com.google.firebase.components.ComponentRegistrar" />
91-->[com.google.firebase:firebase-messaging:22.0.0] AndroidManifest.xml:54:17-82
92            <meta-data
92-->[com.google.firebase:firebase-datatransport:18.0.0] AndroidManifest.xml:28:13-30:85
93                android:name="com.google.firebase.components:com.google.firebase.datatransport.TransportRegistrar"
93-->[com.google.firebase:firebase-datatransport:18.0.0] AndroidManifest.xml:29:17-115
94                android:value="com.google.firebase.components.ComponentRegistrar" />
94-->[com.google.firebase:firebase-datatransport:18.0.0] AndroidManifest.xml:30:17-82
95            <meta-data
95-->[com.google.firebase:firebase-auth:21.0.1] AndroidManifest.xml:77:13-79:85
96                android:name="com.google.firebase.components:com.google.firebase.auth.FirebaseAuthRegistrar"
96-->[com.google.firebase:firebase-auth:21.0.1] AndroidManifest.xml:78:17-109
97                android:value="com.google.firebase.components.ComponentRegistrar" />
97-->[com.google.firebase:firebase-auth:21.0.1] AndroidManifest.xml:79:17-82
98            <meta-data
98-->[com.google.firebase:firebase-firestore:23.0.1] AndroidManifest.xml:20:13-22:85
99                android:name="com.google.firebase.components:com.google.firebase.firestore.FirestoreRegistrar"
99-->[com.google.firebase:firebase-firestore:23.0.1] AndroidManifest.xml:21:17-111
100                android:value="com.google.firebase.components.ComponentRegistrar" />
100-->[com.google.firebase:firebase-firestore:23.0.1] AndroidManifest.xml:22:17-82
101            <meta-data
101-->[com.google.firebase:firebase-storage:20.0.0] AndroidManifest.xml:33:13-35:85
102                android:name="com.google.firebase.components:com.google.firebase.storage.StorageRegistrar"
102-->[com.google.firebase:firebase-storage:20.0.0] AndroidManifest.xml:34:17-107
103                android:value="com.google.firebase.components.ComponentRegistrar" />
103-->[com.google.firebase:firebase-storage:20.0.0] AndroidManifest.xml:35:17-82
104            <meta-data
104-->[com.google.firebase:firebase-installations:17.0.0] AndroidManifest.xml:18:13-20:85
105                android:name="com.google.firebase.components:com.google.firebase.installations.FirebaseInstallationsRegistrar"
105-->[com.google.firebase:firebase-installations:17.0.0] AndroidManifest.xml:19:17-127
106                android:value="com.google.firebase.components.ComponentRegistrar" />
106-->[com.google.firebase:firebase-installations:17.0.0] AndroidManifest.xml:20:17-82
107        </service>
108        <service
108-->[:firebase_messaging] AndroidManifest.xml:12:9-15:72
109            android:name="io.flutter.plugins.firebase.messaging.FlutterFirebaseMessagingBackgroundService"
109-->[:firebase_messaging] AndroidManifest.xml:13:13-107
110            android:exported="false"
110-->[:firebase_messaging] AndroidManifest.xml:14:13-37
111            android:permission="android.permission.BIND_JOB_SERVICE" />
111-->[:firebase_messaging] AndroidManifest.xml:15:13-69
112        <service
112-->[:firebase_messaging] AndroidManifest.xml:16:9-22:19
113            android:name="io.flutter.plugins.firebase.messaging.FlutterFirebaseMessagingService"
113-->[:firebase_messaging] AndroidManifest.xml:17:13-97
114            android:exported="false" >
114-->[:firebase_messaging] AndroidManifest.xml:18:13-37
115            <intent-filter>
115-->[:firebase_messaging] AndroidManifest.xml:19:13-21:29
116                <action android:name="com.google.firebase.MESSAGING_EVENT" />
116-->[:firebase_messaging] AndroidManifest.xml:20:17-78
116-->[:firebase_messaging] AndroidManifest.xml:20:25-75
117            </intent-filter>
118        </service>
119
120        <receiver
120-->[:firebase_messaging] AndroidManifest.xml:24:9-31:20
121            android:name="io.flutter.plugins.firebase.messaging.FlutterFirebaseMessagingReceiver"
121-->[:firebase_messaging] AndroidManifest.xml:25:13-98
122            android:exported="true"
122-->[:firebase_messaging] AndroidManifest.xml:26:13-36
123            android:permission="com.google.android.c2dm.permission.SEND" >
123-->[:firebase_messaging] AndroidManifest.xml:27:13-73
124            <intent-filter>
124-->[:firebase_messaging] AndroidManifest.xml:28:13-30:29
125                <action android:name="com.google.android.c2dm.intent.RECEIVE" />
125-->[:firebase_messaging] AndroidManifest.xml:29:17-81
125-->[:firebase_messaging] AndroidManifest.xml:29:25-78
126            </intent-filter>
127        </receiver>
128
129        <provider
129-->[:firebase_messaging] AndroidManifest.xml:39:9-43:38
130            android:name="io.flutter.plugins.firebase.messaging.FlutterFirebaseMessagingInitProvider"
130-->[:firebase_messaging] AndroidManifest.xml:40:13-102
131            android:authorities="com.engelsimon.flutter_dispuatio.flutterfirebasemessaginginitprovider"
131-->[:firebase_messaging] AndroidManifest.xml:41:13-88
132            android:exported="false"
132-->[:firebase_messaging] AndroidManifest.xml:42:13-37
133            android:initOrder="99" />
133-->[:firebase_messaging] AndroidManifest.xml:43:13-35
134        <provider
134-->[:image_picker] AndroidManifest.xml:11:9-19:20
135            android:name="io.flutter.plugins.imagepicker.ImagePickerFileProvider"
135-->[:image_picker] AndroidManifest.xml:12:13-82
136            android:authorities="com.engelsimon.flutter_dispuatio.flutter.image_provider"
136-->[:image_picker] AndroidManifest.xml:13:13-74
137            android:exported="false"
137-->[:image_picker] AndroidManifest.xml:14:13-37
138            android:grantUriPermissions="true" >
138-->[:image_picker] AndroidManifest.xml:15:13-47
139            <meta-data
139-->[:image_picker] AndroidManifest.xml:16:13-18:75
140                android:name="android.support.FILE_PROVIDER_PATHS"
140-->[:image_picker] AndroidManifest.xml:17:17-67
141                android:resource="@xml/flutter_image_picker_file_paths" />
141-->[:image_picker] AndroidManifest.xml:18:17-72
142        </provider>
143
144        <receiver
144-->[com.google.firebase:firebase-messaging:22.0.0] AndroidManifest.xml:28:9-35:20
145            android:name="com.google.firebase.iid.FirebaseInstanceIdReceiver"
145-->[com.google.firebase:firebase-messaging:22.0.0] AndroidManifest.xml:29:13-78
146            android:exported="true"
146-->[com.google.firebase:firebase-messaging:22.0.0] AndroidManifest.xml:30:13-36
147            android:permission="com.google.android.c2dm.permission.SEND" >
147-->[com.google.firebase:firebase-messaging:22.0.0] AndroidManifest.xml:31:13-73
148            <intent-filter>
148-->[:firebase_messaging] AndroidManifest.xml:28:13-30:29
149                <action android:name="com.google.android.c2dm.intent.RECEIVE" />
149-->[:firebase_messaging] AndroidManifest.xml:29:17-81
149-->[:firebase_messaging] AndroidManifest.xml:29:25-78
150            </intent-filter>
151        </receiver>
152        <!--
153             FirebaseMessagingService performs security checks at runtime,
154             but set to not exported to explicitly avoid allowing another app to call it.
155        -->
156        <service
156-->[com.google.firebase:firebase-messaging:22.0.0] AndroidManifest.xml:41:9-48:19
157            android:name="com.google.firebase.messaging.FirebaseMessagingService"
157-->[com.google.firebase:firebase-messaging:22.0.0] AndroidManifest.xml:42:13-82
158            android:directBootAware="true"
158-->[com.google.firebase:firebase-messaging:22.0.0] AndroidManifest.xml:43:13-43
159            android:exported="false" >
159-->[com.google.firebase:firebase-messaging:22.0.0] AndroidManifest.xml:44:13-37
160            <intent-filter android:priority="-500" >
160-->[:firebase_messaging] AndroidManifest.xml:19:13-21:29
161                <action android:name="com.google.firebase.MESSAGING_EVENT" />
161-->[:firebase_messaging] AndroidManifest.xml:20:17-78
161-->[:firebase_messaging] AndroidManifest.xml:20:25-75
162            </intent-filter>
163        </service>
164        <service
164-->[com.google.android.datatransport:transport-backend-cct:3.0.0] AndroidManifest.xml:29:9-35:19
165            android:name="com.google.android.datatransport.runtime.backends.TransportBackendDiscovery"
165-->[com.google.android.datatransport:transport-backend-cct:3.0.0] AndroidManifest.xml:30:13-103
166            android:exported="false" >
166-->[com.google.android.datatransport:transport-backend-cct:3.0.0] AndroidManifest.xml:31:13-37
167            <meta-data
167-->[com.google.android.datatransport:transport-backend-cct:3.0.0] AndroidManifest.xml:32:13-34:39
168                android:name="backend:com.google.android.datatransport.cct.CctBackendFactory"
168-->[com.google.android.datatransport:transport-backend-cct:3.0.0] AndroidManifest.xml:33:17-94
169                android:value="cct" />
169-->[com.google.android.datatransport:transport-backend-cct:3.0.0] AndroidManifest.xml:34:17-36
170        </service>
171
172        <activity
172-->[com.google.firebase:firebase-auth:21.0.1] AndroidManifest.xml:27:9-44:20
173            android:name="com.google.firebase.auth.internal.GenericIdpActivity"
173-->[com.google.firebase:firebase-auth:21.0.1] AndroidManifest.xml:28:13-80
174            android:excludeFromRecents="true"
174-->[com.google.firebase:firebase-auth:21.0.1] AndroidManifest.xml:29:13-46
175            android:exported="true"
175-->[com.google.firebase:firebase-auth:21.0.1] AndroidManifest.xml:30:13-36
176            android:launchMode="singleTask"
176-->[com.google.firebase:firebase-auth:21.0.1] AndroidManifest.xml:31:13-44
177            android:theme="@android:style/Theme.Translucent.NoTitleBar" >
177-->[com.google.firebase:firebase-auth:21.0.1] AndroidManifest.xml:32:13-72
178            <intent-filter>
178-->[com.google.firebase:firebase-auth:21.0.1] AndroidManifest.xml:33:13-43:29
179                <action android:name="android.intent.action.VIEW" />
179-->[com.google.firebase:firebase-auth:21.0.1] AndroidManifest.xml:34:17-69
179-->[com.google.firebase:firebase-auth:21.0.1] AndroidManifest.xml:34:25-66
180
181                <category android:name="android.intent.category.DEFAULT" />
181-->[com.google.firebase:firebase-auth:21.0.1] AndroidManifest.xml:36:17-76
181-->[com.google.firebase:firebase-auth:21.0.1] AndroidManifest.xml:36:27-73
182                <category android:name="android.intent.category.BROWSABLE" />
182-->[com.google.firebase:firebase-auth:21.0.1] AndroidManifest.xml:37:17-78
182-->[com.google.firebase:firebase-auth:21.0.1] AndroidManifest.xml:37:27-75
183
184                <data
184-->[com.google.firebase:firebase-auth:21.0.1] AndroidManifest.xml:39:17-42:51
185                    android:host="firebase.auth"
185-->[com.google.firebase:firebase-auth:21.0.1] AndroidManifest.xml:40:21-49
186                    android:path="/"
186-->[com.google.firebase:firebase-auth:21.0.1] AndroidManifest.xml:41:21-37
187                    android:scheme="genericidp" />
187-->[com.google.firebase:firebase-auth:21.0.1] AndroidManifest.xml:42:21-48
188            </intent-filter>
189        </activity>
190        <activity
190-->[com.google.firebase:firebase-auth:21.0.1] AndroidManifest.xml:45:9-62:20
191            android:name="com.google.firebase.auth.internal.RecaptchaActivity"
191-->[com.google.firebase:firebase-auth:21.0.1] AndroidManifest.xml:46:13-79
192            android:excludeFromRecents="true"
192-->[com.google.firebase:firebase-auth:21.0.1] AndroidManifest.xml:47:13-46
193            android:exported="true"
193-->[com.google.firebase:firebase-auth:21.0.1] AndroidManifest.xml:48:13-36
194            android:launchMode="singleTask"
194-->[com.google.firebase:firebase-auth:21.0.1] AndroidManifest.xml:49:13-44
195            android:theme="@android:style/Theme.Translucent.NoTitleBar" >
195-->[com.google.firebase:firebase-auth:21.0.1] AndroidManifest.xml:50:13-72
196            <intent-filter>
196-->[com.google.firebase:firebase-auth:21.0.1] AndroidManifest.xml:51:13-61:29
197                <action android:name="android.intent.action.VIEW" />
197-->[com.google.firebase:firebase-auth:21.0.1] AndroidManifest.xml:34:17-69
197-->[com.google.firebase:firebase-auth:21.0.1] AndroidManifest.xml:34:25-66
198
199                <category android:name="android.intent.category.DEFAULT" />
199-->[com.google.firebase:firebase-auth:21.0.1] AndroidManifest.xml:36:17-76
199-->[com.google.firebase:firebase-auth:21.0.1] AndroidManifest.xml:36:27-73
200                <category android:name="android.intent.category.BROWSABLE" />
200-->[com.google.firebase:firebase-auth:21.0.1] AndroidManifest.xml:37:17-78
200-->[com.google.firebase:firebase-auth:21.0.1] AndroidManifest.xml:37:27-75
201
202                <data
202-->[com.google.firebase:firebase-auth:21.0.1] AndroidManifest.xml:39:17-42:51
203                    android:host="firebase.auth"
203-->[com.google.firebase:firebase-auth:21.0.1] AndroidManifest.xml:40:21-49
204                    android:path="/"
204-->[com.google.firebase:firebase-auth:21.0.1] AndroidManifest.xml:41:21-37
205                    android:scheme="recaptcha" />
205-->[com.google.firebase:firebase-auth:21.0.1] AndroidManifest.xml:42:21-48
206            </intent-filter>
207        </activity>
208
209        <service
209-->[com.google.firebase:firebase-auth:21.0.1] AndroidManifest.xml:64:9-73:19
210            android:name="com.google.firebase.auth.api.fallback.service.FirebaseAuthFallbackService"
210-->[com.google.firebase:firebase-auth:21.0.1] AndroidManifest.xml:65:13-101
211            android:enabled="true"
211-->[com.google.firebase:firebase-auth:21.0.1] AndroidManifest.xml:66:13-35
212            android:exported="false" >
212-->[com.google.firebase:firebase-auth:21.0.1] AndroidManifest.xml:67:13-37
213            <intent-filter>
213-->[com.google.firebase:firebase-auth:21.0.1] AndroidManifest.xml:68:13-72:29
214                <action android:name="com.google.firebase.auth.api.gms.service.START" />
214-->[com.google.firebase:firebase-auth:21.0.1] AndroidManifest.xml:69:17-89
214-->[com.google.firebase:firebase-auth:21.0.1] AndroidManifest.xml:69:25-86
215
216                <category android:name="android.intent.category.DEFAULT" />
216-->[com.google.firebase:firebase-auth:21.0.1] AndroidManifest.xml:36:17-76
216-->[com.google.firebase:firebase-auth:21.0.1] AndroidManifest.xml:36:27-73
217            </intent-filter>
218        </service>
219
220        <provider
220-->[com.google.firebase:firebase-common:20.0.0] AndroidManifest.xml:26:9-31:39
221            android:name="com.google.firebase.provider.FirebaseInitProvider"
221-->[com.google.firebase:firebase-common:20.0.0] AndroidManifest.xml:27:13-77
222            android:authorities="com.engelsimon.flutter_dispuatio.firebaseinitprovider"
222-->[com.google.firebase:firebase-common:20.0.0] AndroidManifest.xml:28:13-72
223            android:directBootAware="true"
223-->[com.google.firebase:firebase-common:20.0.0] AndroidManifest.xml:29:13-43
224            android:exported="false"
224-->[com.google.firebase:firebase-common:20.0.0] AndroidManifest.xml:30:13-37
225            android:initOrder="100" />
225-->[com.google.firebase:firebase-common:20.0.0] AndroidManifest.xml:31:13-36
226
227        <activity
227-->[com.google.android.gms:play-services-base:17.1.0] AndroidManifest.xml:23:9-26:75
228            android:name="com.google.android.gms.common.api.GoogleApiActivity"
228-->[com.google.android.gms:play-services-base:17.1.0] AndroidManifest.xml:24:13-79
229            android:exported="false"
229-->[com.google.android.gms:play-services-base:17.1.0] AndroidManifest.xml:25:13-37
230            android:theme="@android:style/Theme.Translucent.NoTitleBar" />
230-->[com.google.android.gms:play-services-base:17.1.0] AndroidManifest.xml:26:13-72
231
232        <meta-data
232-->[com.google.android.gms:play-services-basement:17.1.0] AndroidManifest.xml:23:9-25:69
233            android:name="com.google.android.gms.version"
233-->[com.google.android.gms:play-services-basement:17.1.0] AndroidManifest.xml:24:13-58
234            android:value="@integer/google_play_services_version" />
234-->[com.google.android.gms:play-services-basement:17.1.0] AndroidManifest.xml:25:13-66
235
236        <service
236-->[com.google.android.datatransport:transport-runtime:3.0.0] AndroidManifest.xml:26:9-30:19
237            android:name="com.google.android.datatransport.runtime.scheduling.jobscheduling.JobInfoSchedulerService"
237-->[com.google.android.datatransport:transport-runtime:3.0.0] AndroidManifest.xml:27:13-117
238            android:exported="false"
238-->[com.google.android.datatransport:transport-runtime:3.0.0] AndroidManifest.xml:28:13-37
239            android:permission="android.permission.BIND_JOB_SERVICE" >
239-->[com.google.android.datatransport:transport-runtime:3.0.0] AndroidManifest.xml:29:13-69
240        </service>
241
242        <receiver
242-->[com.google.android.datatransport:transport-runtime:3.0.0] AndroidManifest.xml:32:9-34:40
243            android:name="com.google.android.datatransport.runtime.scheduling.jobscheduling.AlarmManagerSchedulerBroadcastReceiver"
243-->[com.google.android.datatransport:transport-runtime:3.0.0] AndroidManifest.xml:33:13-132
244            android:exported="false" />
244-->[com.google.android.datatransport:transport-runtime:3.0.0] AndroidManifest.xml:34:13-37
245    </application>
246
247</manifest>